{"C:\\Users\\Lenovo\\Desktop\\Projects\\The_Kitchen\\controllers\\dishController.js": {"path":"C:\\Users\\Lenovo\\Desktop\\Projects\\The_Kitchen\\controllers\\dishController.js","statementMap":{"0":{"start":{"line":22,"column":17},"end":{"line":22,"column":37}},"1":{"start":{"line":23,"column":43},"end":{"line":23,"column":78}},"2":{"start":{"line":24,"column":15},"end":{"line":24,"column":32}},"3":{"start":{"line":25,"column":11},"end":{"line":25,"column":24}},"4":{"start":{"line":26,"column":13},"end":{"line":26,"column":28}},"5":{"start":{"line":29,"column":18},"end":{"line":29,"column":28}},"6":{"start":{"line":35,"column":16},"end":{"line":42,"column":2}},"7":{"start":{"line":37,"column":4},"end":{"line":37,"column":25}},"8":{"start":{"line":40,"column":4},"end":{"line":40,"column":51}},"9":{"start":{"line":44,"column":15},"end":{"line":44,"column":43}},"10":{"start":{"line":48,"column":4},"end":{"line":56,"column":5}},"11":{"start":{"line":49,"column":30},"end":{"line":49,"column":38}},"12":{"start":{"line":50,"column":24},"end":{"line":50,"column":55}},"13":{"start":{"line":52,"column":22},"end":{"line":52,"column":74}},"14":{"start":{"line":53,"column":6},"end":{"line":53,"column":77}},"15":{"start":{"line":55,"column":6},"end":{"line":55,"column":67}},"16":{"start":{"line":60,"column":4},"end":{"line":65,"column":5}},"17":{"start":{"line":61,"column":21},"end":{"line":61,"column":41}},"18":{"start":{"line":62,"column":6},"end":{"line":62,"column":75}},"19":{"start":{"line":64,"column":6},"end":{"line":64,"column":77}},"20":{"start":{"line":69,"column":4},"end":{"line":78,"column":5}},"21":{"start":{"line":70,"column":21},"end":{"line":70,"column":31}},"22":{"start":{"line":71,"column":19},"end":{"line":71,"column":42}},"23":{"start":{"line":72,"column":6},"end":{"line":74,"column":7}},"24":{"start":{"line":73,"column":8},"end":{"line":73,"column":57}},"25":{"start":{"line":75,"column":6},"end":{"line":75,"column":71}},"26":{"start":{"line":77,"column":6},"end":{"line":77,"column":77}},"27":{"start":{"line":82,"column":4},"end":{"line":100,"column":5}},"28":{"start":{"line":83,"column":21},"end":{"line":83,"column":31}},"29":{"start":{"line":84,"column":30},"end":{"line":84,"column":38}},"30":{"start":{"line":85,"column":24},"end":{"line":85,"column":55}},"31":{"start":{"line":87,"column":24},"end":{"line":90,"column":7}},"32":{"start":{"line":92,"column":6},"end":{"line":94,"column":7}},"33":{"start":{"line":93,"column":8},"end":{"line":93,"column":57}},"34":{"start":{"line":96,"column":26},"end":{"line":96,"column":49}},"35":{"start":{"line":97,"column":6},"end":{"line":97,"column":76}},"36":{"start":{"line":99,"column":6},"end":{"line":99,"column":67}},"37":{"start":{"line":104,"column":4},"end":{"line":113,"column":5}},"38":{"start":{"line":105,"column":21},"end":{"line":105,"column":31}},"39":{"start":{"line":106,"column":22},"end":{"line":106,"column":59}},"40":{"start":{"line":107,"column":6},"end":{"line":109,"column":7}},"41":{"start":{"line":108,"column":8},"end":{"line":108,"column":57}},"42":{"start":{"line":110,"column":6},"end":{"line":110,"column":74}},"43":{"start":{"line":112,"column":6},"end":{"line":112,"column":77}},"44":{"start":{"line":117,"column":31},"end":{"line":117,"column":51}},"45":{"start":{"line":119,"column":0},"end":{"line":119,"column":61}}},"fnMap":{"0":{"name":"(anonymous_0)","decl":{"start":{"line":36,"column":15},"end":{"line":36,"column":16}},"loc":{"start":{"line":36,"column":34},"end":{"line":38,"column":3}},"line":36},"1":{"name":"(anonymous_1)","decl":{"start":{"line":39,"column":12},"end":{"line":39,"column":13}},"loc":{"start":{"line":39,"column":31},"end":{"line":41,"column":3}},"line":39},"2":{"name":"(anonymous_2)","decl":{"start":{"line":47,"column":2},"end":{"line":47,"column":3}},"loc":{"start":{"line":47,"column":29},"end":{"line":57,"column":3}},"line":47},"3":{"name":"(anonymous_3)","decl":{"start":{"line":59,"column":2},"end":{"line":59,"column":3}},"loc":{"start":{"line":59,"column":31},"end":{"line":66,"column":3}},"line":59},"4":{"name":"(anonymous_4)","decl":{"start":{"line":68,"column":2},"end":{"line":68,"column":3}},"loc":{"start":{"line":68,"column":30},"end":{"line":79,"column":3}},"line":68},"5":{"name":"(anonymous_5)","decl":{"start":{"line":81,"column":2},"end":{"line":81,"column":3}},"loc":{"start":{"line":81,"column":29},"end":{"line":101,"column":3}},"line":81},"6":{"name":"(anonymous_6)","decl":{"start":{"line":103,"column":2},"end":{"line":103,"column":3}},"loc":{"start":{"line":103,"column":29},"end":{"line":114,"column":3}},"line":103}},"branchMap":{"0":{"loc":{"start":{"line":50,"column":24},"end":{"line":50,"column":55}},"type":"cond-expr","locations":[{"start":{"line":50,"column":35},"end":{"line":50,"column":48}},{"start":{"line":50,"column":51},"end":{"line":50,"column":55}}],"line":50},"1":{"loc":{"start":{"line":72,"column":6},"end":{"line":74,"column":7}},"type":"if","locations":[{"start":{"line":72,"column":6},"end":{"line":74,"column":7}},{"start":{},"end":{}}],"line":72},"2":{"loc":{"start":{"line":85,"column":24},"end":{"line":85,"column":55}},"type":"cond-expr","locations":[{"start":{"line":85,"column":35},"end":{"line":85,"column":48}},{"start":{"line":85,"column":51},"end":{"line":85,"column":55}}],"line":85},"3":{"loc":{"start":{"line":92,"column":6},"end":{"line":94,"column":7}},"type":"if","locations":[{"start":{"line":92,"column":6},"end":{"line":94,"column":7}},{"start":{},"end":{}}],"line":92},"4":{"loc":{"start":{"line":107,"column":6},"end":{"line":109,"column":7}},"type":"if","locations":[{"start":{"line":107,"column":6},"end":{"line":109,"column":7}},{"start":{},"end":{}}],"line":107}},"s":{"0":2,"1":2,"2":2,"3":2,"4":2,"5":2,"6":2,"7":1,"8":1,"9":2,"10":3,"11":3,"12":3,"13":3,"14":2,"15":1,"16":2,"17":2,"18":1,"19":1,"20":3,"21":3,"22":3,"23":2,"24":1,"25":1,"26":1,"27":4,"28":4,"29":4,"30":4,"31":4,"32":3,"33":1,"34":2,"35":2,"36":1,"37":3,"38":3,"39":3,"40":2,"41":1,"42":1,"43":1,"44":2,"45":2},"f":{"0":1,"1":1,"2":3,"3":2,"4":3,"5":4,"6":3},"b":{"0":[1,2],"1":[1,1],"2":[1,3],"3":[1,2],"4":[1,1]},"_coverageSchema":"1a1c01bbd47fc00a2c39e90264f33305004495a9","hash":"0cddd7bb89bc5ea13e2f4d10242f48cda1a77121"}
}
