TN:
SF:controllers\dishController.js
FN:36,(anonymous_0)
FN:39,(anonymous_1)
FN:47,(anonymous_2)
FN:59,(anonymous_3)
FN:68,(anonymous_4)
FN:81,(anonymous_5)
FN:103,(anonymous_6)
FNF:7
FNH:7
FNDA:1,(anonymous_0)
FNDA:1,(anonymous_1)
FNDA:3,(anonymous_2)
FNDA:2,(anonymous_3)
FNDA:3,(anonymous_4)
FNDA:4,(anonymous_5)
FNDA:3,(anonymous_6)
DA:22,2
DA:23,2
DA:24,2
DA:25,2
DA:26,2
DA:29,2
DA:35,2
DA:37,1
DA:40,1
DA:44,2
DA:48,3
DA:49,3
DA:50,3
DA:52,3
DA:53,2
DA:55,1
DA:60,2
DA:61,2
DA:62,1
DA:64,1
DA:69,3
DA:70,3
DA:71,3
DA:72,2
DA:73,1
DA:75,1
DA:77,1
DA:82,4
DA:83,4
DA:84,4
DA:85,4
DA:87,4
DA:92,3
DA:93,1
DA:96,2
DA:97,2
DA:99,1
DA:104,3
DA:105,3
DA:106,3
DA:107,2
DA:108,1
DA:110,1
DA:112,1
DA:117,2
DA:119,2
LF:46
LH:46
BRDA:50,0,0,1
BRDA:50,0,1,2
BRDA:72,1,0,1
BRDA:72,1,1,1
BRDA:85,2,0,1
BRDA:85,2,1,3
BRDA:92,3,0,1
BRDA:92,3,1,2
BRDA:107,4,0,1
BRDA:107,4,1,1
BRF:10
BRH:10
end_of_record
